# JRE version: OpenJDK Runtime Environment Zulu11.62+17-CA (11.0.18+10) (build 11.0.18+10-LTS)
# Java VM: OpenJDK 64-Bit Server VM Zulu11.62+17-CA (11.0.18+10-LTS, mixed mode, tiered, compressed oops, g1 gc, windows-amd64)
Heap:
 garbage-first heap   total 262144K, used 156002K [0x00000000e0000000, 0x0000000100000000)
  region size 1024K, 104 young (106496K), 20 survivors (20480K)
 Metaspace       used 75769K, capacity 78559K, committed 78672K, reserved 323584K
  class space    used 9657K, capacity 10699K, committed 10752K, reserved 253952K
GC Heap History (20 events):
Event: 1.269 GC heap before
{Heap before GC invocations=0 (full 0):
 garbage-first heap   total 262144K, used 26624K [0x00000000e0000000, 0x0000000100000000)
  region size 1024K, 24 young (24576K), 0 survivors (0K)
 Metaspace       used 10237K, capacity 10464K, committed 10624K, reserved 264192K
  class space    used 1041K, capacity 1108K, committed 1152K, reserved 253952K
}
Event: 1.275 GC heap after
{Heap after GC invocations=1 (full 0):
 garbage-first heap   total 262144K, used 9415K [0x00000000e0000000, 0x0000000100000000)
  region size 1024K, 3 young (3072K), 3 survivors (3072K)
 Metaspace       used 10237K, capacity 10464K, committed 10624K, reserved 264192K
  class space    used 1041K, capacity 1108K, committed 1152K, reserved 253952K
}
Event: 9.810 GC heap before
{Heap before GC invocations=1 (full 0):
 garbage-first heap   total 262144K, used 105671K [0x00000000e0000000, 0x0000000100000000)
  region size 1024K, 97 young (99328K), 3 survivors (3072K)
 Metaspace       used 20733K, capacity 21155K, committed 21296K, reserved 274432K
  class space    used 2489K, capacity 2649K, committed 2688K, reserved 253952K
}
Event: 9.822 GC heap after
{Heap after GC invocations=2 (full 0):
 garbage-first heap   total 262144K, used 17206K [0x00000000e0000000, 0x0000000100000000)
  region size 1024K, 11 young (11264K), 11 survivors (11264K)
 Metaspace       used 20733K, capacity 21155K, committed 21296K, reserved 274432K
  class space    used 2489K, capacity 2649K, committed 2688K, reserved 253952K
}
Event: 10.224 GC heap before
{Heap before GC invocations=3 (full 0):
 garbage-first heap   total 262144K, used 43830K [0x00000000e0000000, 0x0000000100000000)
  region size 1024K, 37 young (37888K), 11 survivors (11264K)
 Metaspace       used 23074K, capacity 23538K, committed 23728K, reserved 276480K
  class space    used 2894K, capacity 3065K, committed 3072K, reserved 253952K
}
Event: 10.233 GC heap after
{Heap after GC invocations=4 (full 0):
 garbage-first heap   total 262144K, used 18354K [0x00000000e0000000, 0x0000000100000000)
  region size 1024K, 2 young (2048K), 2 survivors (2048K)
 Metaspace       used 23074K, capacity 23538K, committed 23728K, reserved 276480K
  class space    used 2894K, capacity 3065K, committed 3072K, reserved 253952K
}
Event: 13.211 GC heap before
{Heap before GC invocations=4 (full 0):
 garbage-first heap   total 262144K, used 114610K [0x00000000e0000000, 0x0000000100000000)
  region size 1024K, 96 young (98304K), 2 survivors (2048K)
 Metaspace       used 33521K, capacity 34327K, committed 34480K, reserved 284672K
  class space    used 4476K, capacity 4795K, committed 4864K, reserved 253952K
}
Event: 13.224 GC heap after
{Heap after GC invocations=5 (full 0):
 garbage-first heap   total 262144K, used 21413K [0x00000000e0000000, 0x0000000100000000)
  region size 1024K, 5 young (5120K), 5 survivors (5120K)
 Metaspace       used 33521K, capacity 34327K, committed 34480K, reserved 284672K
  class space    used 4476K, capacity 4795K, committed 4864K, reserved 253952K
}
Event: 14.054 GC heap before
{Heap before GC invocations=5 (full 0):
 garbage-first heap   total 262144K, used 28581K [0x00000000e0000000, 0x0000000100000000)
  region size 1024K, 13 young (13312K), 5 survivors (5120K)
 Metaspace       used 35012K, capacity 35843K, committed 35888K, reserved 286720K
  class space    used 4627K, capacity 4960K, committed 4992K, reserved 253952K
}
Event: 14.080 GC heap after
{Heap after GC invocations=6 (full 0):
 garbage-first heap   total 262144K, used 22450K [0x00000000e0000000, 0x0000000100000000)
  region size 1024K, 6 young (6144K), 6 survivors (6144K)
 Metaspace       used 35012K, capacity 35843K, committed 35888K, reserved 286720K
  class space    used 4627K, capacity 4960K, committed 4992K, reserved 253952K
}
Event: 22.434 GC heap before
{Heap before GC invocations=7 (full 0):
 garbage-first heap   total 262144K, used 151474K [0x00000000e0000000, 0x0000000100000000)
  region size 1024K, 129 young (132096K), 6 survivors (6144K)
 Metaspace       used 47855K, capacity 48981K, committed 49200K, reserved 296960K
  class space    used 6096K, capacity 6515K, committed 6528K, reserved 253952K
}
Event: 22.453 GC heap after
{Heap after GC invocations=8 (full 0):
 garbage-first heap   total 262144K, used 30846K [0x00000000e0000000, 0x0000000100000000)
  region size 1024K, 14 young (14336K), 14 survivors (14336K)
 Metaspace       used 47855K, capacity 48981K, committed 49200K, reserved 296960K
  class space    used 6096K, capacity 6515K, committed 6528K, reserved 253952K
}
Event: 26.392 GC heap before
{Heap before GC invocations=8 (full 0):
 garbage-first heap   total 262144K, used 173182K [0x00000000e0000000, 0x0000000100000000)
  region size 1024K, 153 young (156672K), 14 survivors (14336K)
 Metaspace       used 57162K, capacity 59013K, committed 59056K, reserved 305152K
  class space    used 7477K, capacity 8185K, committed 8192K, reserved 253952K
}
Event: 26.413 GC heap after
{Heap after GC invocations=9 (full 0):
 garbage-first heap   total 262144K, used 39626K [0x00000000e0000000, 0x0000000100000000)
  region size 1024K, 19 young (19456K), 19 survivors (19456K)
 Metaspace       used 57162K, capacity 59013K, committed 59056K, reserved 305152K
  class space    used 7477K, capacity 8185K, committed 8192K, reserved 253952K
}
Event: 26.760 GC heap before
{Heap before GC invocations=9 (full 0):
 garbage-first heap   total 262144K, used 51914K [0x00000000e0000000, 0x0000000100000000)
  region size 1024K, 32 young (32768K), 19 survivors (19456K)
 Metaspace       used 58104K, capacity 60091K, committed 60240K, reserved 307200K
  class space    used 7635K, capacity 8387K, committed 8448K, reserved 253952K
}
Event: 26.798 GC heap after
{Heap after GC invocations=10 (full 0):
 garbage-first heap   total 262144K, used 41396K [0x00000000e0000000, 0x0000000100000000)
  region size 1024K, 11 young (11264K), 11 survivors (11264K)
 Metaspace       used 58104K, capacity 60091K, committed 60240K, reserved 307200K
  class space    used 7635K, capacity 8387K, committed 8448K, reserved 253952K
}
Event: 32.354 GC heap before
{Heap before GC invocations=11 (full 0):
 garbage-first heap   total 262144K, used 185780K [0x00000000e0000000, 0x0000000100000000)
  region size 1024K, 153 young (156672K), 11 survivors (11264K)
 Metaspace       used 61895K, capacity 63996K, committed 64208K, reserved 311296K
  class space    used 8007K, capacity 8776K, committed 8832K, reserved 253952K
}
Event: 32.369 GC heap after
{Heap after GC invocations=12 (full 0):
 garbage-first heap   total 262144K, used 44468K [0x00000000e0000000, 0x0000000100000000)
  region size 1024K, 14 young (14336K), 14 survivors (14336K)
 Metaspace       used 61895K, capacity 63996K, committed 64208K, reserved 311296K
  class space    used 8007K, capacity 8776K, committed 8832K, reserved 253952K
}
Event: 41.699 GC heap before
{Heap before GC invocations=12 (full 0):
 garbage-first heap   total 262144K, used 187828K [0x00000000e0000000, 0x0000000100000000)
  region size 1024K, 153 young (156672K), 14 survivors (14336K)
 Metaspace       used 70209K, capacity 72611K, committed 72784K, reserved 317440K
  class space    used 9029K, capacity 9893K, committed 9984K, reserved 253952K
}
Event: 41.739 GC heap after
{Heap after GC invocations=13 (full 0):
 garbage-first heap   total 262144K, used 72034K [0x00000000e0000000, 0x0000000100000000)
  region size 1024K, 20 young (20480K), 20 survivors (20480K)
 Metaspace       used 70209K, capacity 72611K, committed 72784K, reserved 317440K
  class space    used 9029K, capacity 9893K, committed 9984K, reserved 253952K
}

